Not Found: /
Not Found: /favicon.ico
Not Found: /admin/taskmanager/
Not Found: /taskmanager/tasks/
Not Found: /taskmanager/tasks/
Bad Request: /taskmanager/tasks/
Bad Request: /taskmanager/tasks/
Not Found: /
Not Found: /favicon.ico
Not Found: /taskmanager/category/3/
Not Found: /taskmanager/category/count_tasks/
Not Found: /taskmanager/category/count_tasks/
Not Found: /taskmanager/category/count_tasks/
Not Found: /taskmanager/category/count_tasks/
Not Found: /
Not Found: /favicon.ico
Method Not Allowed: /api/tocken/
Not Found: /api/tocken/refresh/
Not Found: /
Method Not Allowed: /api/tocken/refresh/
Not Found: /
Method Not Allowed: /api/token/
Unauthorized: /api/tasks/
